<?xml version="1.0" encoding="UTF-8"?>
<!-- Generated by org.testng.reporters.JUnitXMLReporter -->
<testsuite ignored="4" hostname="WebCARE" failures="0" tests="3" name="sahre node function" time="171.931" errors="0" timestamp="2024-01-10T11:03:57 IST">
  <testcase classname="Demo_landmark_Sharing_TestCases.Smoke_Create_PerEvent_Basic_Smugmug" name="validate_Per_Event_information" time="53.091"/>
  <testcase classname="Demo_landmark_Sharing_TestCases.Smoke_Create_PerEvent_Basic_EmailShare" name="validate_Per_Event_information" time="50.791"/>
  <testcase classname="Demo_landmark_Sharing_TestCases.Smoke_Create_PerEventGIF_Basic_Smugmug2" name="Smoke_Create_PerEventGIF_Basic_" time="50.423"/>
  <testcase classname="BaseClass.baseclass" name="@AfterSuite generateExtendReport" time="0.0">
    <ignored/>
  </testcase> <!-- @AfterSuite generateExtendReport -->
  <testcase classname="BaseClass.baseclass" name="@BeforeSuite initializedExtendReport" time="0.0">
    <ignored/>
  </testcase> <!-- @BeforeSuite initializedExtendReport -->
  <testcase classname="BaseClass.baseclass" name="@AfterSuite generateExtendReport" time="0.0">
    <ignored/>
  </testcase> <!-- @AfterSuite generateExtendReport -->
  <testcase classname="BaseClass.baseclass" name="@BeforeSuite initializedExtendReport" time="0.0">
    <ignored/>
  </testcase> <!-- @BeforeSuite initializedExtendReport -->
</testsuite> <!-- sahre node function -->
