<?xml version="1.0" encoding="UTF-8"?>
<!-- Generated by org.testng.reporters.JUnitXMLReporter -->
<testsuite ignored="4" hostname="WebCARE" failures="0" tests="3" name="share node function" time="187.719" errors="0" timestamp="2024-01-12T09:38:00 IST">
  <testcase classname="Demo_landmark_Sharing_TestCases.Smoke_Create_PerEvent_Basic_Smugmug" name="validate_Per_Event_information" time="56.501"/>
  <testcase classname="Demo_landmark_Sharing_TestCases.Smoke_Create_PerEvent_Basic_EmailShare" name="validate_Per_Event_information" time="51.144"/>
  <testcase classname="Demo_landmark_Sharing_TestCases.Smoke_Create_PerEventGIF_Basic_Smugmug2" name="Smoke_Create_PerEventGIF_Basic_" time="58.785"/>
  <testcase classname="BaseClass.baseclass" name="@AfterSuite generateExtendReport" time="0.0">
    <ignored/>
  </testcase> <!-- @AfterSuite generateExtendReport -->
  <testcase classname="BaseClass.baseclass" name="@BeforeSuite initializedExtendReport" time="0.0">
    <ignored/>
  </testcase> <!-- @BeforeSuite initializedExtendReport -->
  <testcase classname="BaseClass.baseclass" name="@AfterSuite generateExtendReport" time="0.0">
    <ignored/>
  </testcase> <!-- @AfterSuite generateExtendReport -->
  <testcase classname="BaseClass.baseclass" name="@BeforeSuite initializedExtendReport" time="0.0">
    <ignored/>
  </testcase> <!-- @BeforeSuite initializedExtendReport -->
</testsuite> <!-- share node function -->
