<?xml version="1.0" encoding="UTF-8"?>
<!-- Generated by org.testng.reporters.JUnitXMLReporter -->
<testsuite ignored="4" hostname="WebCARE" failures="1" tests="7" name="Test" time="1149.168" errors="0" timestamp="2024-01-11T15:24:45 IST">
  <testcase classname="Com_Landmark_AutoRemovalBackground.Landmark_background_HappyPath" name="validate_Happypath_Background_photo" time="121.209">
    <skipped/>
  </testcase> <!-- validate_Happypath_Background_photo -->
  <testcase classname="Com_Landmark_AutoRemovalBackground.Landmark_background_HappyPath" name="validate_Happypath_Background_photo" time="285.91">
    <skipped/>
  </testcase> <!-- validate_Happypath_Background_photo -->
  <testcase classname="Com_Landmark_AutoRemovalBackground.Landmark_background_HappyPath" name="validate_Happypath_Background_photo" time="285.704">
    <skipped/>
  </testcase> <!-- validate_Happypath_Background_photo -->
  <testcase classname="Com_Landmark_AutoRemovalBackground.Landmark_background_HappyPath" name="validate_Happypath_Background_photo" time="285.816">
    <failure type="org.openqa.selenium.TimeoutException" message="Expected condition failed: waiting for visibility of Proxy element for: DefaultElementLocator &amp;apos;By.id: Password&amp;apos; (tried for 120 second(s) with 500 milliseconds interval)">
      <![CDATA[org.openqa.selenium.TimeoutException: Expected condition failed: waiting for visibility of Proxy element for: DefaultElementLocator 'By.id: Password' (tried for 120 second(s) with 500 milliseconds interval)
at org.openqa.selenium.support.ui.WebDriverWait.timeoutException(WebDriverWait.java:84)
at org.openqa.selenium.support.ui.FluentWait.until(FluentWait.java:230)
at base.controlAction.waitForElementToBeVisible(controlAction.java:159)
at pages.loginpage.passwordnamesendkey(loginpage.java:49)
at pages.loginpage.loginwithCredential(loginpage.java:69)
at Com_Landmark_AutoRemovalBackground.Landmark_background_HappyPath.validate_Happypath_Background_photo(Landmark_background_HappyPath.java:58)
at java.base/java.util.ArrayList.forEach(ArrayList.java:1511)
Caused by: org.openqa.selenium.NoSuchElementException: no such element: Unable to locate element: {"method":"css selector","selector":"#Password"}
  (Session info: MicrosoftEdge=120.0.2210.121)
For documentation on this error, please visit: https://www.selenium.dev/documentation/webdriver/troubleshooting/errors#no-such-element-exception
Build info: version: '4.10.0', revision: 'c14d967899'
System info: os.name: 'Windows 11', os.arch: 'amd64', os.version: '10.0', java.version: '20.0.1'
Driver info: org.openqa.selenium.edge.EdgeDriver
Command: [f91403377373476987aa32499f6b7308, findElement {using=id, value=Password}]
Capabilities {acceptInsecureCerts: false, browserName: MicrosoftEdge, browserVersion: 120.0.2210.121, fedcm:accounts: true, ms:edgeOptions: {debuggerAddress: localhost:51392}, msedge: {msedgedriverVersion: 120.0.2210.121 (6086ec26a02..., userDataDir: C:\Users\webca\AppData\Loca...}, networkConnectionEnabled: false, pageLoadStrategy: normal, platformName: windows, proxy: Proxy(), se:cdp: ws://localhost:51392/devtoo..., se:cdpVersion: 120.0.2210.121, setWindowRect: true, strictFileInteractability: false, timeouts: {implicit: 0, pageLoad: 300000, script: 30000}, unhandledPromptBehavior: dismiss and notify, webauthn:extension:credBlob: true, webauthn:extension:largeBlob: true, webauthn:extension:minPinLength: true, webauthn:extension:prf: true, webauthn:virtualAuthenticators: true}
Session ID: f91403377373476987aa32499f6b7308
at org.openqa.selenium.remote.codec.w3c.W3CHttpResponseCodec.createException(W3CHttpResponseCodec.java:199)
at org.openqa.selenium.remote.codec.w3c.W3CHttpResponseCodec.decode(W3CHttpResponseCodec.java:132)
at org.openqa.selenium.remote.codec.w3c.W3CHttpResponseCodec.decode(W3CHttpResponseCodec.java:51)
at org.openqa.selenium.remote.HttpCommandExecutor.execute(HttpCommandExecutor.java:191)
at org.openqa.selenium.remote.service.DriverCommandExecutor.invokeExecute(DriverCommandExecutor.java:196)
at org.openqa.selenium.remote.service.DriverCommandExecutor.execute(DriverCommandExecutor.java:171)
at org.openqa.selenium.remote.RemoteWebDriver.execute(RemoteWebDriver.java:531)
at org.openqa.selenium.remote.ElementLocation$ElementFinder$2.findElement(ElementLocation.java:165)
at org.openqa.selenium.remote.ElementLocation.findElement(ElementLocation.java:59)
at org.openqa.selenium.remote.RemoteWebDriver.findElement(RemoteWebDriver.java:350)
at org.openqa.selenium.remote.RemoteWebDriver.findElement(RemoteWebDriver.java:344)
at org.openqa.selenium.support.pagefactory.DefaultElementLocator.findElement(DefaultElementLocator.java:68)
at org.openqa.selenium.support.pagefactory.internal.LocatingElementHandler.invoke(LocatingElementHandler.java:38)
at jdk.proxy2/jdk.proxy2.$Proxy20.isDisplayed(Unknown Source)
at org.openqa.selenium.support.ui.ExpectedConditions.elementIfVisible(ExpectedConditions.java:304)
at org.openqa.selenium.support.ui.ExpectedConditions.access$000(ExpectedConditions.java:37)
at org.openqa.selenium.support.ui.ExpectedConditions$10.apply(ExpectedConditions.java:290)
at org.openqa.selenium.support.ui.ExpectedConditions$10.apply(ExpectedConditions.java:287)
at org.openqa.selenium.support.ui.FluentWait.until(FluentWait.java:205)
... 30 more
... Removed 28 stack frames]]>
    </failure>
  </testcase> <!-- validate_Happypath_Background_photo -->
  <testcase classname="Com_Landmark_AutoRemovalBackground.Landmark_background_OpenImageForNoneSelection" name="validate_Happypath_Background_IconForNoneSelection" time="29.152"/>
  <testcase classname="Com_Landmark_AutoRemovalBackground.Landmark_background_Negative" name="validate_Happypath_Background_photoWithoutBackground" time="37.624"/>
  <testcase classname="Com_Landmark_AutoRemovalBackground.Landmark_background_Negative" name="validateGreenScreenElementForAutoBackgroundSelection" time="28.094"/>
  <testcase classname="BaseClass.baseclass" name="@BeforeSuite initializedExtendReport" time="0.0">
    <ignored/>
  </testcase> <!-- @BeforeSuite initializedExtendReport -->
  <testcase classname="BaseClass.baseclass" name="@AfterSuite generateExtendReport" time="0.0">
    <ignored/>
  </testcase> <!-- @AfterSuite generateExtendReport -->
  <testcase classname="BaseClass.baseclass" name="@BeforeSuite initializedExtendReport" time="0.0">
    <ignored/>
  </testcase> <!-- @BeforeSuite initializedExtendReport -->
  <testcase classname="BaseClass.baseclass" name="@AfterSuite generateExtendReport" time="0.0">
    <ignored/>
  </testcase> <!-- @AfterSuite generateExtendReport -->
</testsuite> <!-- Test -->
