<?xml version="1.0" encoding="UTF-8"?>
<!-- Generated by org.testng.reporters.JUnitXMLReporter -->
<testsuite ignored="2" hostname="WebCARE" failures="0" tests="2" name="Test" time="191.581" errors="0" timestamp="2024-03-18T12:39:29 IST">
  <testcase classname="Demo_landmark_Smoke_CreateGIF.Smoke_Create_Event_Gif_Test_WithPaylater" name="Validate_Creation_event_with_Gif_with_Paylater" time="58.577"/>
  <testcase classname="Demo_landmark_Smoke_CreateGIF.Smoke_Create_Event_Gif_Test" name="Validate_Creation_event_with_Gif" time="118.854"/>
  <testcase classname="BaseClass.baseclass" name="@BeforeSuite initializedExtendReport" time="0.0">
    <ignored/>
  </testcase> <!-- @BeforeSuite initializedExtendReport -->
  <testcase classname="BaseClass.baseclass" name="@AfterSuite generateExtendReport" time="0.0">
    <ignored/>
  </testcase> <!-- @AfterSuite generateExtendReport -->
</testsuite> <!-- Test -->
