<?xml version="1.0" encoding="UTF-8"?>
<!-- Generated by org.testng.reporters.JUnitXMLReporter -->
<testsuite ignored="0" hostname="WebCARE" failures="0" tests="3" name="Test" time="227.433" errors="0" timestamp="2023-12-14T13:13:47 IST">
  <testcase classname="demo_testCases.Smoke_Create_Event_Gif_Test" name="Validate_Creation_event_with_Gif" time="96.194">
    <skipped/>
  </testcase> <!-- Validate_Creation_event_with_Gif -->
  <testcase classname="demo_testCases.Smoke_Create_Event_Gif_Test" name="Validate_Creation_event_with_Gif" time="51.765"/>
  <testcase classname="demo_testCases.Smoke_Create_Event_VideoTest" name="Validate_Creation_event_with_Gif" time="51.988"/>
</testsuite> <!-- Test -->
