<?xml version="1.0" encoding="UTF-8"?>
<!-- Generated by org.testng.reporters.JUnitXMLReporter -->
<testsuite ignored="0" hostname="WebCARE" failures="0" tests="2" name="Test" time="97.568" errors="0" timestamp="2023-12-13T15:02:36 IST">
  <testcase classname="demo_testCases.Smoke_Create_Event_Gif_Test" name="Validate_Creation_event_with_Gif" time="41.578"/>
  <testcase classname="demo_testCases.Smoke_Create_Event_VideoTest" name="Validate_Creation_event_with_Gif" time="42.561"/>
</testsuite> <!-- Test -->
