<?xml version="1.0" encoding="UTF-8"?>
<testng-results ignored="0" total="1" passed="1" failed="0" skipped="0">
  <reporter-output>
  </reporter-output>
  <suite started-at="2023-12-07T14:36:54 IST" name="Suite" finished-at="2023-12-07T14:37:40 IST" duration-ms="45728">
    <groups>
    </groups>
    <test started-at="2023-12-07T14:36:54 IST" name="Test" finished-at="2023-12-07T14:37:40 IST" duration-ms="45728">
      <class name="demo_testCases.test1">
        <test-method is-config="true" signature="setup()[pri:0, instance:demo_testCases.test1@f5ac9e4]" started-at="2023-12-07T14:36:54 IST" name="setup" finished-at="2023-12-07T14:37:01 IST" duration-ms="7113" status="PASS">
          <reporter-output>
          </reporter-output>
        </test-method> <!-- setup -->
        <test-method signature="name()[pri:0, instance:demo_testCases.test1@f5ac9e4]" started-at="2023-12-07T14:37:01 IST" name="name" finished-at="2023-12-07T14:37:39 IST" duration-ms="38242" status="PASS">
          <reporter-output>
          </reporter-output>
        </test-method> <!-- name -->
        <test-method is-config="true" signature="tearDown()[pri:0, instance:demo_testCases.test1@f5ac9e4]" started-at="2023-12-07T14:37:39 IST" name="tearDown" finished-at="2023-12-07T14:37:40 IST" duration-ms="320" status="PASS">
          <reporter-output>
          </reporter-output>
        </test-method> <!-- tearDown -->
      </class> <!-- demo_testCases.test1 -->
    </test> <!-- Test -->
  </suite> <!-- Suite -->
</testng-results>
