<?xml version="1.0" encoding="UTF-8"?>
<testng-results ignored="0" total="2" passed="2" failed="0" skipped="0">
  <reporter-output>
  </reporter-output>
  <suite started-at="2023-12-13T15:00:59 IST" name="Suite" finished-at="2023-12-13T15:02:36 IST" duration-ms="97568">
    <groups>
      <group name="smoke">
        <method signature="Smoke_Create_Event_Gif_Test.Validate_Creation_event_with_Gif()[pri:0, instance:demo_testCases.Smoke_Create_Event_Gif_Test@384ad17b]" name="Validate_Creation_event_with_Gif" class="demo_testCases.Smoke_Create_Event_Gif_Test"/>
        <method signature="Smoke_Create_Event_VideoTest.Validate_Creation_event_with_Gif()[pri:0, instance:demo_testCases.Smoke_Create_Event_VideoTest@59309333]" name="Validate_Creation_event_with_Gif" class="demo_testCases.Smoke_Create_Event_VideoTest"/>
      </group> <!-- smoke -->
    </groups>
    <test started-at="2023-12-13T15:00:59 IST" name="Test" finished-at="2023-12-13T15:02:36 IST" duration-ms="97568">
      <class name="demo_testCases.Smoke_Create_Event_Gif_Test">
        <test-method is-config="true" signature="setup()[pri:0, instance:demo_testCases.Smoke_Create_Event_Gif_Test@384ad17b]" started-at="2023-12-13T15:00:59 IST" name="setup" finished-at="2023-12-13T15:01:06 IST" duration-ms="7572" status="PASS">
          <reporter-output>
          </reporter-output>
        </test-method> <!-- setup -->
        <test-method signature="Validate_Creation_event_with_Gif()[pri:0, instance:demo_testCases.Smoke_Create_Event_Gif_Test@384ad17b]" started-at="2023-12-13T15:01:06 IST" name="Validate_Creation_event_with_Gif" finished-at="2023-12-13T15:01:48 IST" duration-ms="41578" status="PASS">
          <reporter-output>
          </reporter-output>
        </test-method> <!-- Validate_Creation_event_with_Gif -->
        <test-method is-config="true" signature="tearDown()[pri:0, instance:demo_testCases.Smoke_Create_Event_Gif_Test@384ad17b]" started-at="2023-12-13T15:01:48 IST" name="tearDown" finished-at="2023-12-13T15:01:48 IST" duration-ms="203" status="PASS">
          <reporter-output>
          </reporter-output>
        </test-method> <!-- tearDown -->
      </class> <!-- demo_testCases.Smoke_Create_Event_Gif_Test -->
      <class name="demo_testCases.Smoke_Create_Event_VideoTest">
        <test-method is-config="true" signature="setup()[pri:0, instance:demo_testCases.Smoke_Create_Event_VideoTest@59309333]" started-at="2023-12-13T15:01:48 IST" name="setup" finished-at="2023-12-13T15:01:53 IST" duration-ms="5427" status="PASS">
          <reporter-output>
          </reporter-output>
        </test-method> <!-- setup -->
        <test-method signature="Validate_Creation_event_with_Gif()[pri:0, instance:demo_testCases.Smoke_Create_Event_VideoTest@59309333]" started-at="2023-12-13T15:01:53 IST" name="Validate_Creation_event_with_Gif" finished-at="2023-12-13T15:02:36 IST" duration-ms="42561" status="PASS">
          <reporter-output>
          </reporter-output>
        </test-method> <!-- Validate_Creation_event_with_Gif -->
        <test-method is-config="true" signature="tearDown()[pri:0, instance:demo_testCases.Smoke_Create_Event_VideoTest@59309333]" started-at="2023-12-13T15:02:36 IST" name="tearDown" finished-at="2023-12-13T15:02:36 IST" duration-ms="172" status="PASS">
          <reporter-output>
          </reporter-output>
        </test-method> <!-- tearDown -->
      </class> <!-- demo_testCases.Smoke_Create_Event_VideoTest -->
    </test> <!-- Test -->
  </suite> <!-- Suite -->
</testng-results>
