<?xml version="1.0" encoding="UTF-8"?>
<testsuite xmlns:xsi="http://www.w3.org/2001/XMLSchema-instance" xsi:noNamespaceSchemaLocation="https://maven.apache.org/surefire/maven-surefire-plugin/xsd/surefire-test-report-3.0.xsd" version="3.0" name="TestSuite" time="228.176" tests="3" errors="0" skipped="1" failures="0">
  <properties>
[...]
</properties>
  <testcase name="Validate_Creation_event_with_Gif" classname="demo_testCases.Smoke_Create_Event_Gif_Test" time="0.0">
    <skipped message="Cannot invoke &quot;String.contains(java.lang.CharSequence)&quot; because &quot;actualValue&quot; is null"/>
    <system-out><![CDATA[2023-12-14 13:10:11 INFO  logger:55 - login with valid credential
2023-12-14 13:10:15 INFO  logger:61 - click on create event button
2023-12-14 13:11:16 INFO  logger:69 - select the package
2023-12-14 13:11:16 INFO  logger:75 - select month and pro options
Name of the package is PER MONTH
ready to select 
enter in per month
Type is Pro
click on per month pro 
value of j is 1
2023-12-14 13:11:20 INFO  logger:84 - fill the event details
2023-12-14 13:11:29 INFO  logger:91 - drag Gif in Boothdesign
2023-12-14 13:11:31 INFO  logger:109 - click on create new gif option
2023-12-14 13:11:32 INFO  logger:113 - fill the neccessory details in gif
2023-12-14 13:11:47 INFO  logger:129 - select the share options 
]]></system-out>
    <system-err><![CDATA[SLF4J: Failed to load class "org.slf4j.impl.StaticLoggerBinder".
SLF4J: Defaulting to no-operation (NOP) logger implementation
SLF4J: See http://www.slf4j.org/codes.html#StaticLoggerBinder for further details.
Dec 14, 2023 1:10:00 PM org.openqa.selenium.remote.service.DriverService$Builder getLogOutput
INFO: Driver logs no longer sent to console by default; https://www.selenium.dev/documentation/webdriver/drivers/service/#setting-log-output
ERROR StatusLogger Log4j2 could not find a logging implementation. Please add log4j-core to the classpath. Using SimpleLogger to log to the console...
Dec 14, 2023 1:10:04 PM org.openqa.selenium.devtools.CdpVersionFinder findNearestMatch
WARNING: Unable to find CDP implementation matching 120
Dec 14, 2023 1:10:04 PM org.openqa.selenium.chromium.ChromiumDriver lambda$new$4
WARNING: Unable to find version of CDP to use for . You may need to include a dependency on a specific version of the CDP using something similar to `org.seleniumhq.selenium:selenium-devtools-v86:4.10.0` where the version ("v86") matches the version of the chromium-based browser you're using and the version number of the artifact is the same as Selenium's.
]]></system-err>
  </testcase>
  <testcase name="Validate_Creation_event_with_Gif" classname="demo_testCases.Smoke_Create_Event_Gif_Test" time="51.763">
    <system-out><![CDATA[2023-12-14 13:11:55 INFO  logger:55 - login with valid credential
2023-12-14 13:11:58 INFO  logger:61 - click on create event button
2023-12-14 13:12:10 INFO  logger:69 - select the package
2023-12-14 13:12:10 INFO  logger:75 - select month and pro options
Name of the package is PER MONTH
ready to select 
enter in per month
Type is Pro
click on per month pro 
value of j is 1
2023-12-14 13:12:14 INFO  logger:84 - fill the event details
2023-12-14 13:12:19 INFO  logger:91 - drag Gif in Boothdesign
2023-12-14 13:12:20 INFO  logger:109 - click on create new gif option
2023-12-14 13:12:21 INFO  logger:113 - fill the neccessory details in gif
2023-12-14 13:12:35 INFO  logger:129 - select the share options 
2023-12-14 13:12:36 INFO  logger:135 - click on next button
lets click
2023-12-14 13:12:39 INFO  logger:142 - fill the neccessory data 
2023-12-14 13:12:47 INFO  logger:148 - assser the valid data for new  event 
2023-12-14 13:12:47 INFO  logger:151 - Event is created 
]]></system-out>
    <system-err><![CDATA[Dec 14, 2023 1:11:47 PM org.openqa.selenium.remote.service.DriverService$Builder getLogOutput
INFO: Driver logs no longer sent to console by default; https://www.selenium.dev/documentation/webdriver/drivers/service/#setting-log-output
Dec 14, 2023 1:11:50 PM org.openqa.selenium.devtools.CdpVersionFinder findNearestMatch
WARNING: Unable to find CDP implementation matching 120
Dec 14, 2023 1:11:50 PM org.openqa.selenium.chromium.ChromiumDriver lambda$new$4
WARNING: Unable to find version of CDP to use for . You may need to include a dependency on a specific version of the CDP using something similar to `org.seleniumhq.selenium:selenium-devtools-v86:4.10.0` where the version ("v86") matches the version of the chromium-based browser you're using and the version number of the artifact is the same as Selenium's.
]]></system-err>
  </testcase>
  <testcase name="Validate_Creation_event_with_Gif" classname="demo_testCases.Smoke_Create_Event_VideoTest" time="51.987">
    <system-out><![CDATA[2023-12-14 13:12:55 INFO  logger:57 - login with valid credential
2023-12-14 13:12:59 INFO  logger:63 - click on create event button
2023-12-14 13:13:13 INFO  logger:71 - select the package
2023-12-14 13:13:13 INFO  logger:77 - select month and pro options
Name of the package is PER MONTH
ready to select 
enter in per month
Type is Pro
click on per month pro 
value of j is 1
2023-12-14 13:13:17 INFO  logger:86 - fill the event details
2023-12-14 13:13:22 INFO  logger:93 - drag Videonode in Boothdesign
2023-12-14 13:13:24 INFO  logger:107 - click on create new video option
2023-12-14 13:13:25 INFO  logger:111 - fill the neccessory details in video
2023-12-14 13:13:40 INFO  logger:127 - select the share options 
2023-12-14 13:13:41 INFO  logger:133 - click on next button
lets click
2023-12-14 13:13:43 INFO  logger:140 - fill the neccessory data 
2023-12-14 13:13:47 INFO  logger:146 - assser the valid data for new  event 
2023-12-14 13:13:47 INFO  logger:149 - Event is created 
]]></system-out>
    <system-err><![CDATA[Dec 14, 2023 1:12:47 PM org.openqa.selenium.remote.http.WebSocket$Listener onError
WARNING: Connection reset
java.net.SocketException: Connection reset
	at java.base/sun.nio.ch.SocketChannelImpl.throwConnectionReset(SocketChannelImpl.java:401)
	at java.base/sun.nio.ch.SocketChannelImpl.read(SocketChannelImpl.java:434)
	at io.netty.buffer.PooledByteBuf.setBytes(PooledByteBuf.java:256)
	at io.netty.buffer.AbstractByteBuf.writeBytes(AbstractByteBuf.java:1132)
	at io.netty.channel.socket.nio.NioSocketChannel.doReadBytes(NioSocketChannel.java:357)
	at io.netty.channel.nio.AbstractNioByteChannel$NioByteUnsafe.read(AbstractNioByteChannel.java:151)
	at io.netty.channel.nio.NioEventLoop.processSelectedKey(NioEventLoop.java:788)
	at io.netty.channel.nio.NioEventLoop.processSelectedKeysOptimized(NioEventLoop.java:724)
	at io.netty.channel.nio.NioEventLoop.processSelectedKeys(NioEventLoop.java:650)
	at io.netty.channel.nio.NioEventLoop.run(NioEventLoop.java:562)
	at io.netty.util.concurrent.SingleThreadEventExecutor$4.run(SingleThreadEventExecutor.java:997)
	at io.netty.util.internal.ThreadExecutorMap$2.run(ThreadExecutorMap.java:74)
	at io.netty.util.concurrent.FastThreadLocalRunnable.run(FastThreadLocalRunnable.java:30)
	at java.base/java.lang.Thread.run(Thread.java:1623)

Dec 14, 2023 1:12:47 PM org.openqa.selenium.remote.service.DriverService$Builder getLogOutput
INFO: Driver logs no longer sent to console by default; https://www.selenium.dev/documentation/webdriver/drivers/service/#setting-log-output
Dec 14, 2023 1:12:50 PM org.openqa.selenium.devtools.CdpVersionFinder findNearestMatch
WARNING: Unable to find CDP implementation matching 120
Dec 14, 2023 1:12:50 PM org.openqa.selenium.chromium.ChromiumDriver lambda$new$4
WARNING: Unable to find version of CDP to use for . You may need to include a dependency on a specific version of the CDP using something similar to `org.seleniumhq.selenium:selenium-devtools-v86:4.10.0` where the version ("v86") matches the version of the chromium-based browser you're using and the version number of the artifact is the same as Selenium's.
]]></system-err>
  </testcase>
</testsuite>