<?xml version="1.0" encoding="UTF-8"?>
<testng-results ignored="0" total="2" passed="2" failed="0" skipped="0">
  <reporter-output>
  </reporter-output>
  <suite started-at="2024-03-18T12:36:17 IST" name="Suite" finished-at="2024-03-18T12:39:29 IST" duration-ms="191581">
    <groups>
      <group name="smoke">
        <method signature="Smoke_Create_Event_Gif_Test.Validate_Creation_event_with_Gif()[pri:0, instance:Demo_landmark_Smoke_CreateGIF.Smoke_Create_Event_Gif_Test@7586beff]" name="Validate_Creation_event_with_Gif" class="Demo_landmark_Smoke_CreateGIF.Smoke_Create_Event_Gif_Test"/>
      </group> <!-- smoke -->
    </groups>
    <test started-at="2024-03-18T12:36:17 IST" name="Test" finished-at="2024-03-18T12:39:29 IST" duration-ms="191581">
      <class name="Demo_landmark_Smoke_CreateGIF.Smoke_Create_Event_Gif_Test">
        <test-method is-config="true" signature="setup(org.testng.ITestContext)[pri:0, instance:Demo_landmark_Smoke_CreateGIF.Smoke_Create_Event_Gif_Test@7586beff]" started-at="2024-03-18T12:37:23 IST" name="setup" finished-at="2024-03-18T12:37:30 IST" duration-ms="7320" status="PASS">
          <params>
            <param index="0">
              <value>
                <![CDATA[org.testng.TestRunner@69c1ea07]]>
              </value>
            </param>
          </params>
          <reporter-output>
          </reporter-output>
        </test-method> <!-- setup -->
        <test-method signature="Validate_Creation_event_with_Gif()[pri:0, instance:Demo_landmark_Smoke_CreateGIF.Smoke_Create_Event_Gif_Test@7586beff]" started-at="2024-03-18T12:37:30 IST" name="Validate_Creation_event_with_Gif" finished-at="2024-03-18T12:39:29 IST" duration-ms="118854" status="PASS">
          <reporter-output>
          </reporter-output>
        </test-method> <!-- Validate_Creation_event_with_Gif -->
        <test-method is-config="true" signature="checkStatus(java.lang.reflect.Method,org.testng.ITestResult)[pri:0, instance:Demo_landmark_Smoke_CreateGIF.Smoke_Create_Event_Gif_Test@7586beff]" started-at="2024-03-18T12:39:29 IST" name="checkStatus" finished-at="2024-03-18T12:39:29 IST" duration-ms="1" status="PASS">
          <params>
            <param index="0">
              <value>
                <![CDATA[public void Demo_landmark_Smoke_CreateGIF.Smoke_Create_Event_Gif_Test.Validate_Creation_event_with_Gif() throws java.lang.InterruptedException,java.io.IOException]]>
              </value>
            </param>
            <param index="1">
              <value>
                <![CDATA[[TestResult name=Validate_Creation_event_with_Gif status=SUCCESS method=Smoke_Create_Event_Gif_Test.Validate_Creation_event_with_Gif()[pri:0, instance:Demo_landmark_Smoke_CreateGIF.Smoke_Create_Event_Gif_Test@7586beff] output={null}]]]>
              </value>
            </param>
          </params>
          <reporter-output>
          </reporter-output>
        </test-method> <!-- checkStatus -->
        <test-method is-config="true" signature="tearDown()[pri:0, instance:Demo_landmark_Smoke_CreateGIF.Smoke_Create_Event_Gif_Test@7586beff]" started-at="2024-03-18T12:39:29 IST" name="tearDown" finished-at="2024-03-18T12:39:29 IST" duration-ms="0" status="PASS">
          <reporter-output>
          </reporter-output>
        </test-method> <!-- tearDown -->
      </class> <!-- Demo_landmark_Smoke_CreateGIF.Smoke_Create_Event_Gif_Test -->
      <class name="Demo_landmark_Smoke_CreateGIF.Smoke_Create_Event_Gif_Test_WithPaylater">
        <test-method is-config="true" signature="initializedExtendReport()[pri:0, instance:Demo_landmark_Smoke_CreateGIF.Smoke_Create_Event_Gif_Test_WithPaylater@40a4337a]" started-at="2024-03-18T12:36:17 IST" name="initializedExtendReport" finished-at="2024-03-18T12:36:17 IST" duration-ms="277" status="PASS">
          <reporter-output>
          </reporter-output>
        </test-method> <!-- initializedExtendReport -->
        <test-method is-config="true" signature="setup(org.testng.ITestContext)[pri:0, instance:Demo_landmark_Smoke_CreateGIF.Smoke_Create_Event_Gif_Test_WithPaylater@40a4337a]" started-at="2024-03-18T12:36:17 IST" name="setup" finished-at="2024-03-18T12:36:24 IST" duration-ms="6724" status="PASS">
          <params>
            <param index="0">
              <value>
                <![CDATA[org.testng.TestRunner@69c1ea07]]>
              </value>
            </param>
          </params>
          <reporter-output>
          </reporter-output>
        </test-method> <!-- setup -->
        <test-method signature="Validate_Creation_event_with_Gif_with_Paylater()[pri:0, instance:Demo_landmark_Smoke_CreateGIF.Smoke_Create_Event_Gif_Test_WithPaylater@40a4337a]" started-at="2024-03-18T12:36:24 IST" name="Validate_Creation_event_with_Gif_with_Paylater" finished-at="2024-03-18T12:37:23 IST" duration-ms="58577" status="PASS">
          <reporter-output>
          </reporter-output>
        </test-method> <!-- Validate_Creation_event_with_Gif_with_Paylater -->
        <test-method is-config="true" signature="checkStatus(java.lang.reflect.Method,org.testng.ITestResult)[pri:0, instance:Demo_landmark_Smoke_CreateGIF.Smoke_Create_Event_Gif_Test_WithPaylater@40a4337a]" started-at="2024-03-18T12:37:23 IST" name="checkStatus" finished-at="2024-03-18T12:37:23 IST" duration-ms="3" status="PASS">
          <params>
            <param index="0">
              <value>
                <![CDATA[public void Demo_landmark_Smoke_CreateGIF.Smoke_Create_Event_Gif_Test_WithPaylater.Validate_Creation_event_with_Gif_with_Paylater() throws java.lang.InterruptedException,java.io.IOException]]>
              </value>
            </param>
            <param index="1">
              <value>
                <![CDATA[[TestResult name=Validate_Creation_event_with_Gif_with_Paylater status=SUCCESS method=Smoke_Create_Event_Gif_Test_WithPaylater.Validate_Creation_event_with_Gif_with_Paylater()[pri:0, instance:Demo_landmark_Smoke_CreateGIF.Smoke_Create_Event_Gif_Test_WithPaylater@40a4337a] output={null}]]]>
              </value>
            </param>
          </params>
          <reporter-output>
          </reporter-output>
        </test-method> <!-- checkStatus -->
        <test-method is-config="true" signature="tearDown()[pri:0, instance:Demo_landmark_Smoke_CreateGIF.Smoke_Create_Event_Gif_Test_WithPaylater@40a4337a]" started-at="2024-03-18T12:37:23 IST" name="tearDown" finished-at="2024-03-18T12:37:23 IST" duration-ms="0" status="PASS">
          <reporter-output>
          </reporter-output>
        </test-method> <!-- tearDown -->
        <test-method is-config="true" signature="generateExtendReport()[pri:0, instance:Demo_landmark_Smoke_CreateGIF.Smoke_Create_Event_Gif_Test_WithPaylater@40a4337a]" started-at="2024-03-18T12:39:29 IST" name="generateExtendReport" finished-at="2024-03-18T12:39:29 IST" duration-ms="281" status="PASS">
          <reporter-output>
          </reporter-output>
        </test-method> <!-- generateExtendReport -->
      </class> <!-- Demo_landmark_Smoke_CreateGIF.Smoke_Create_Event_Gif_Test_WithPaylater -->
    </test> <!-- Test -->
  </suite> <!-- Suite -->
</testng-results>
