<?xml version="1.0" encoding="UTF-8"?>
<testng-results retried="1" ignored="1" total="3" passed="1" failed="0" skipped="0">
  <reporter-output>
  </reporter-output>
  <suite started-at="2023-12-16T22:01:44 IST" name="Default suite" finished-at="2023-12-16T22:03:57 IST" duration-ms="132744">
    <groups>
      <group name="smoke">
        <method signature="PPUSmoke_Create_Event_Gif_TestPPu3.Validate_Creation_event_with_Gif()[pri:0, instance:demo_testCases.PPUSmoke_Create_Event_Gif_TestPPu3@4218d6a3]" name="Validate_Creation_event_with_Gif" class="demo_testCases.PPUSmoke_Create_Event_Gif_TestPPu3"/>
      </group> <!-- smoke -->
    </groups>
    <test started-at="2023-12-16T22:01:44 IST" name="Default test" finished-at="2023-12-16T22:03:57 IST" duration-ms="132744">
      <class name="demo_testCases.PPUSmoke_Create_Event_Gif_TestPPu3">
        <test-method is-config="true" signature="setup()[pri:0, instance:demo_testCases.PPUSmoke_Create_Event_Gif_TestPPu3@4218d6a3]" started-at="2023-12-16T22:01:44 IST" name="setup" finished-at="2023-12-16T22:01:57 IST" duration-ms="12186" status="PASS">
          <reporter-output>
          </reporter-output>
        </test-method> <!-- setup -->
        <test-method retried="true" signature="Validate_Creation_event_with_Gif()[pri:0, instance:demo_testCases.PPUSmoke_Create_Event_Gif_TestPPu3@4218d6a3]" started-at="2023-12-16T22:01:57 IST" name="Validate_Creation_event_with_Gif" finished-at="2023-12-16T22:02:52 IST" duration-ms="55668" status="SKIP">
          <exception class="org.openqa.selenium.StaleElementReferenceException">
            <message>
              <![CDATA[stale element reference: stale element not found
  (Session info: MicrosoftEdge=120.0.2210.61)
For documentation on this error, please visit: https://www.selenium.dev/documentation/webdriver/troubleshooting/errors#stale-element-reference-exception
Build info: version: '4.10.0', revision: 'c14d967899'
System info: os.name: 'Windows 11', os.arch: 'amd64', os.version: '10.0', java.version: '20.0.1'
Driver info: org.openqa.selenium.edge.EdgeDriver
Command: [e242f532f20155f15cae3e89470c4e61, getElementText {id=AEA52F5075D297A1482708773D7BEAF5_element_519}]
Capabilities {acceptInsecureCerts: false, browserName: MicrosoftEdge, browserVersion: 120.0.2210.61, fedcm:accounts: true, ms:edgeOptions: {debuggerAddress: localhost:50066}, msedge: {msedgedriverVersion: 120.0.2210.77 (e8468c80f044..., userDataDir: C:\Users\webca\AppData\Loca...}, networkConnectionEnabled: false, pageLoadStrategy: normal, platformName: windows, proxy: Proxy(), se:cdp: ws://localhost:50066/devtoo..., se:cdpVersion: 120.0.2210.61, setWindowRect: true, strictFileInteractability: false, timeouts: {implicit: 0, pageLoad: 300000, script: 30000}, unhandledPromptBehavior: dismiss and notify, webauthn:extension:credBlob: true, webauthn:extension:largeBlob: true, webauthn:extension:minPinLength: true, webauthn:extension:prf: true, webauthn:virtualAuthenticators: true}
Element: [[EdgeDriver: MicrosoftEdge on windows (e242f532f20155f15cae3e89470c4e61)] -> xpath: //div[@class='name']]
Session ID: e242f532f20155f15cae3e89470c4e61]]>
            </message>
            <full-stacktrace>
              <![CDATA[org.openqa.selenium.StaleElementReferenceException: stale element reference: stale element not found
  (Session info: MicrosoftEdge=120.0.2210.61)
For documentation on this error, please visit: https://www.selenium.dev/documentation/webdriver/troubleshooting/errors#stale-element-reference-exception
Build info: version: '4.10.0', revision: 'c14d967899'
System info: os.name: 'Windows 11', os.arch: 'amd64', os.version: '10.0', java.version: '20.0.1'
Driver info: org.openqa.selenium.edge.EdgeDriver
Command: [e242f532f20155f15cae3e89470c4e61, getElementText {id=AEA52F5075D297A1482708773D7BEAF5_element_519}]
Capabilities {acceptInsecureCerts: false, browserName: MicrosoftEdge, browserVersion: 120.0.2210.61, fedcm:accounts: true, ms:edgeOptions: {debuggerAddress: localhost:50066}, msedge: {msedgedriverVersion: 120.0.2210.77 (e8468c80f044..., userDataDir: C:\Users\webca\AppData\Loca...}, networkConnectionEnabled: false, pageLoadStrategy: normal, platformName: windows, proxy: Proxy(), se:cdp: ws://localhost:50066/devtoo..., se:cdpVersion: 120.0.2210.61, setWindowRect: true, strictFileInteractability: false, timeouts: {implicit: 0, pageLoad: 300000, script: 30000}, unhandledPromptBehavior: dismiss and notify, webauthn:extension:credBlob: true, webauthn:extension:largeBlob: true, webauthn:extension:minPinLength: true, webauthn:extension:prf: true, webauthn:virtualAuthenticators: true}
Element: [[EdgeDriver: MicrosoftEdge on windows (e242f532f20155f15cae3e89470c4e61)] -> xpath: //div[@class='name']]
Session ID: e242f532f20155f15cae3e89470c4e61
at java.base/jdk.internal.reflect.DirectConstructorHandleAccessor.newInstance(DirectConstructorHandleAccessor.java:67)
at java.base/java.lang.reflect.Constructor.newInstanceWithCaller(Constructor.java:500)
at java.base/java.lang.reflect.Constructor.newInstance(Constructor.java:484)
at org.openqa.selenium.remote.codec.w3c.W3CHttpResponseCodec.createException(W3CHttpResponseCodec.java:199)
at org.openqa.selenium.remote.codec.w3c.W3CHttpResponseCodec.decode(W3CHttpResponseCodec.java:132)
at org.openqa.selenium.remote.codec.w3c.W3CHttpResponseCodec.decode(W3CHttpResponseCodec.java:51)
at org.openqa.selenium.remote.HttpCommandExecutor.execute(HttpCommandExecutor.java:191)
at org.openqa.selenium.remote.service.DriverCommandExecutor.invokeExecute(DriverCommandExecutor.java:196)
at org.openqa.selenium.remote.service.DriverCommandExecutor.execute(DriverCommandExecutor.java:171)
at org.openqa.selenium.remote.RemoteWebDriver.execute(RemoteWebDriver.java:531)
at org.openqa.selenium.remote.RemoteWebElement.execute(RemoteWebElement.java:242)
at org.openqa.selenium.remote.RemoteWebElement.getText(RemoteWebElement.java:192)
at pages.GifPage.clickOnClosedGifWindow(GifPage.java:78)
at pages.createGifPage.createGifwithOverlay(createGifPage.java:132)
at demo_testCases.PPUSmoke_Create_Event_Gif_TestPPu3.Validate_Creation_event_with_Gif(PPUSmoke_Create_Event_Gif_TestPPu3.java:121)
at java.base/jdk.internal.reflect.DirectMethodHandleAccessor.invoke(DirectMethodHandleAccessor.java:104)
at java.base/java.lang.reflect.Method.invoke(Method.java:578)
at org.testng.internal.invokers.MethodInvocationHelper.invokeMethod(MethodInvocationHelper.java:139)
at org.testng.internal.invokers.TestInvoker.invokeMethod(TestInvoker.java:664)
at org.testng.internal.invokers.TestInvoker.invokeTestMethod(TestInvoker.java:227)
at org.testng.internal.invokers.MethodRunner.runInSequence(MethodRunner.java:50)
at org.testng.internal.invokers.TestInvoker$MethodInvocationAgent.invoke(TestInvoker.java:957)
at org.testng.internal.invokers.TestInvoker.invokeTestMethods(TestInvoker.java:200)
at org.testng.internal.invokers.TestMethodWorker.invokeTestMethods(TestMethodWorker.java:148)
at org.testng.internal.invokers.TestMethodWorker.run(TestMethodWorker.java:128)
at java.base/java.util.ArrayList.forEach(ArrayList.java:1511)
at org.testng.TestRunner.privateRun(TestRunner.java:848)
at org.testng.TestRunner.run(TestRunner.java:621)
at org.testng.SuiteRunner.runTest(SuiteRunner.java:443)
at org.testng.SuiteRunner.runSequentially(SuiteRunner.java:437)
at org.testng.SuiteRunner.privateRun(SuiteRunner.java:397)
at org.testng.SuiteRunner.run(SuiteRunner.java:336)
at org.testng.SuiteRunnerWorker.runSuite(SuiteRunnerWorker.java:52)
at org.testng.SuiteRunnerWorker.run(SuiteRunnerWorker.java:95)
at org.testng.TestNG.runSuitesSequentially(TestNG.java:1280)
at org.testng.TestNG.runSuitesLocally(TestNG.java:1200)
at org.testng.TestNG.runSuites(TestNG.java:1114)
at org.testng.TestNG.run(TestNG.java:1082)
at org.testng.remote.AbstractRemoteTestNG.run(AbstractRemoteTestNG.java:115)
at org.testng.remote.RemoteTestNG.initAndRun(RemoteTestNG.java:251)
at org.testng.remote.RemoteTestNG.main(RemoteTestNG.java:77)
]]>
            </full-stacktrace>
          </exception> <!-- org.openqa.selenium.StaleElementReferenceException -->
          <reporter-output>
          </reporter-output>
        </test-method> <!-- Validate_Creation_event_with_Gif -->
        <test-method is-config="true" signature="tearDown()[pri:0, instance:demo_testCases.PPUSmoke_Create_Event_Gif_TestPPu3@4218d6a3]" started-at="2023-12-16T22:02:52 IST" name="tearDown" finished-at="2023-12-16T22:02:53 IST" duration-ms="283" status="PASS">
          <reporter-output>
          </reporter-output>
        </test-method> <!-- tearDown -->
        <test-method is-config="true" signature="setup()[pri:0, instance:demo_testCases.PPUSmoke_Create_Event_Gif_TestPPu3@4218d6a3]" started-at="2023-12-16T22:02:53 IST" name="setup" finished-at="2023-12-16T22:03:01 IST" duration-ms="8622" status="PASS">
          <reporter-output>
          </reporter-output>
        </test-method> <!-- setup -->
        <test-method signature="Validate_Creation_event_with_Gif()[pri:0, instance:demo_testCases.PPUSmoke_Create_Event_Gif_TestPPu3@4218d6a3]" started-at="2023-12-16T22:03:01 IST" name="Validate_Creation_event_with_Gif" finished-at="2023-12-16T22:03:57 IST" duration-ms="55649" status="PASS">
          <reporter-output>
          </reporter-output>
        </test-method> <!-- Validate_Creation_event_with_Gif -->
        <test-method is-config="true" signature="tearDown()[pri:0, instance:demo_testCases.PPUSmoke_Create_Event_Gif_TestPPu3@4218d6a3]" started-at="2023-12-16T22:03:57 IST" name="tearDown" finished-at="2023-12-16T22:03:57 IST" duration-ms="276" status="PASS">
          <reporter-output>
          </reporter-output>
        </test-method> <!-- tearDown -->
      </class> <!-- demo_testCases.PPUSmoke_Create_Event_Gif_TestPPu3 -->
    </test> <!-- Default test -->
  </suite> <!-- Default suite -->
</testng-results>
