<?xml version="1.0" encoding="UTF-8"?>
<testng-results ignored="0" total="1" passed="1" failed="0" skipped="0">
  <reporter-output>
  </reporter-output>
  <suite started-at="2024-01-08T10:47:44 IST" name="Default suite" finished-at="2024-01-08T10:48:59 IST" duration-ms="75463">
    <groups>
      <group name="smoke">
        <method signature="PPUSmoke_Create_Event_Gif_TestPPu3.Validate_Creation_event_with_Gif()[pri:0, instance:Demo_landmark_PpuUser.PPUSmoke_Create_Event_Gif_TestPPu3@22ff4249]" name="Validate_Creation_event_with_Gif" class="Demo_landmark_PpuUser.PPUSmoke_Create_Event_Gif_TestPPu3"/>
      </group> <!-- smoke -->
    </groups>
    <test started-at="2024-01-08T10:47:44 IST" name="Default test" finished-at="2024-01-08T10:48:59 IST" duration-ms="75463">
      <class name="Demo_landmark_PpuUser.PPUSmoke_Create_Event_Gif_TestPPu3">
        <test-method is-config="true" signature="initializedExtendReport()[pri:0, instance:Demo_landmark_PpuUser.PPUSmoke_Create_Event_Gif_TestPPu3@22ff4249]" started-at="2024-01-08T10:47:44 IST" name="initializedExtendReport" finished-at="2024-01-08T10:47:44 IST" duration-ms="262" status="PASS">
          <reporter-output>
          </reporter-output>
        </test-method> <!-- initializedExtendReport -->
        <test-method is-config="true" signature="setup(org.testng.ITestContext)[pri:0, instance:Demo_landmark_PpuUser.PPUSmoke_Create_Event_Gif_TestPPu3@22ff4249]" started-at="2024-01-08T10:47:44 IST" name="setup" finished-at="2024-01-08T10:48:00 IST" duration-ms="15840" status="PASS">
          <params>
            <param index="0">
              <value>
                <![CDATA[org.testng.TestRunner@44bc2449]]>
              </value>
            </param>
          </params>
          <reporter-output>
          </reporter-output>
        </test-method> <!-- setup -->
        <test-method signature="Validate_Creation_event_with_Gif()[pri:0, instance:Demo_landmark_PpuUser.PPUSmoke_Create_Event_Gif_TestPPu3@22ff4249]" started-at="2024-01-08T10:48:00 IST" name="Validate_Creation_event_with_Gif" finished-at="2024-01-08T10:48:59 IST" duration-ms="59367" status="PASS">
          <reporter-output>
          </reporter-output>
        </test-method> <!-- Validate_Creation_event_with_Gif -->
        <test-method is-config="true" signature="checkStatus(java.lang.reflect.Method,org.testng.ITestResult)[pri:0, instance:Demo_landmark_PpuUser.PPUSmoke_Create_Event_Gif_TestPPu3@22ff4249]" started-at="2024-01-08T10:48:59 IST" name="checkStatus" finished-at="2024-01-08T10:48:59 IST" duration-ms="6" status="PASS">
          <params>
            <param index="0">
              <value>
                <![CDATA[public void Demo_landmark_PpuUser.PPUSmoke_Create_Event_Gif_TestPPu3.Validate_Creation_event_with_Gif() throws java.lang.InterruptedException,java.io.IOException]]>
              </value>
            </param>
            <param index="1">
              <value>
                <![CDATA[[TestResult name=Validate_Creation_event_with_Gif status=SUCCESS method=PPUSmoke_Create_Event_Gif_TestPPu3.Validate_Creation_event_with_Gif()[pri:0, instance:Demo_landmark_PpuUser.PPUSmoke_Create_Event_Gif_TestPPu3@22ff4249] output={null}]]]>
              </value>
            </param>
          </params>
          <reporter-output>
          </reporter-output>
        </test-method> <!-- checkStatus -->
        <test-method is-config="true" signature="tearDown()[pri:0, instance:Demo_landmark_PpuUser.PPUSmoke_Create_Event_Gif_TestPPu3@22ff4249]" started-at="2024-01-08T10:48:59 IST" name="tearDown" finished-at="2024-01-08T10:48:59 IST" duration-ms="219" status="PASS">
          <reporter-output>
          </reporter-output>
        </test-method> <!-- tearDown -->
        <test-method is-config="true" signature="generateExtendReport()[pri:0, instance:Demo_landmark_PpuUser.PPUSmoke_Create_Event_Gif_TestPPu3@22ff4249]" started-at="2024-01-08T10:48:59 IST" name="generateExtendReport" finished-at="2024-01-08T10:49:00 IST" duration-ms="432" status="PASS">
          <reporter-output>
          </reporter-output>
        </test-method> <!-- generateExtendReport -->
      </class> <!-- Demo_landmark_PpuUser.PPUSmoke_Create_Event_Gif_TestPPu3 -->
    </test> <!-- Default test -->
  </suite> <!-- Default suite -->
</testng-results>
