<?xml version="1.0" encoding="UTF-8"?>
<testng-results ignored="0" total="2" passed="1" failed="1" skipped="0">
  <reporter-output>
  </reporter-output>
  <suite started-at="2023-12-27T19:23:12 IST" name="Default suite" finished-at="2023-12-27T19:23:57 IST" duration-ms="44884">
    <groups>
      <group name="smoke">
        <method signature="Smoke_Create_Event_Photo_editTest.Create_Event_Photo_copyTest()[pri:0, instance:Demo_landmark_Smoke_CopyTest.Smoke_Create_Event_Photo_editTest@557caf28]" name="Create_Event_Photo_copyTest" class="Demo_landmark_Smoke_CopyTest.Smoke_Create_Event_Photo_editTest"/>
      </group> <!-- smoke -->
    </groups>
    <test started-at="2023-12-27T19:23:12 IST" name="Default test" finished-at="2023-12-27T19:23:57 IST" duration-ms="44884">
      <class name="Demo_landmark_Smoke_CopyTest.Smoke_Create_Event_Photo_editTest">
        <test-method is-config="true" signature="setup()[pri:0, instance:Demo_landmark_Smoke_CopyTest.Smoke_Create_Event_Photo_editTest@557caf28]" started-at="2023-12-27T19:23:13 IST" name="setup" finished-at="2023-12-27T19:23:19 IST" duration-ms="6933" status="PASS">
          <reporter-output>
          </reporter-output>
        </test-method> <!-- setup -->
        <test-method signature="Create_Event_Photo_copyTest()[pri:0, instance:Demo_landmark_Smoke_CopyTest.Smoke_Create_Event_Photo_editTest@557caf28]" started-at="2023-12-27T19:23:19 IST" name="Create_Event_Photo_copyTest" finished-at="2023-12-27T19:23:57 IST" duration-ms="37861" status="PASS">
          <reporter-output>
          </reporter-output>
        </test-method> <!-- Create_Event_Photo_copyTest -->
        <test-method is-config="true" signature="tearDown()[pri:0, instance:Demo_landmark_Smoke_CopyTest.Smoke_Create_Event_Photo_editTest@557caf28]" started-at="2023-12-27T19:23:57 IST" name="tearDown" finished-at="2023-12-27T19:23:57 IST" duration-ms="1" status="PASS">
          <reporter-output>
          </reporter-output>
        </test-method> <!-- tearDown -->
        <test-method signature="validateCopyFunction()[pri:0, instance:Demo_landmark_Smoke_CopyTest.Smoke_Create_Event_Photo_editTest@557caf28]" started-at="2023-12-27T19:23:57 IST" name="validateCopyFunction" finished-at="2023-12-27T19:23:57 IST" depends-on-methods="Demo_landmark_Smoke_CopyTest.Smoke_Create_Event_Photo_editTest.Create_Event_Photo_copyTest" duration-ms="37" status="FAIL">
          <exception class="org.openqa.selenium.NoSuchElementException">
            <message>
              <![CDATA[no such element: Unable to locate element: {"method":"xpath","selector":"(//div[@class='row'])[4]/div[4]/a[2]"}
  (Session info: MicrosoftEdge=120.0.2210.77)
For documentation on this error, please visit: https://www.selenium.dev/documentation/webdriver/troubleshooting/errors#no-such-element-exception
Build info: version: '4.10.0', revision: 'c14d967899'
System info: os.name: 'Windows 11', os.arch: 'amd64', os.version: '10.0', java.version: '20.0.1'
Driver info: org.openqa.selenium.edge.EdgeDriver
Command: [2f51aa3ff255767240d96030260f67a2, findElement {using=xpath, value=(//div[@class='row'])[4]/div[4]/a[2]}]
Capabilities {acceptInsecureCerts: false, browserName: MicrosoftEdge, browserVersion: 120.0.2210.77, fedcm:accounts: true, ms:edgeOptions: {debuggerAddress: localhost:55062}, msedge: {msedgedriverVersion: 120.0.2210.91 (f469d579f138..., userDataDir: C:\Users\webca\AppData\Loca...}, networkConnectionEnabled: false, pageLoadStrategy: normal, platformName: windows, proxy: Proxy(), se:cdp: ws://localhost:55062/devtoo..., se:cdpVersion: 120.0.2210.77, setWindowRect: true, strictFileInteractability: false, timeouts: {implicit: 0, pageLoad: 300000, script: 30000}, unhandledPromptBehavior: dismiss and notify, webauthn:extension:credBlob: true, webauthn:extension:largeBlob: true, webauthn:extension:minPinLength: true, webauthn:extension:prf: true, webauthn:virtualAuthenticators: true}
Session ID: 2f51aa3ff255767240d96030260f67a2]]>
            </message>
            <full-stacktrace>
              <![CDATA[org.openqa.selenium.NoSuchElementException: no such element: Unable to locate element: {"method":"xpath","selector":"(//div[@class='row'])[4]/div[4]/a[2]"}
  (Session info: MicrosoftEdge=120.0.2210.77)
For documentation on this error, please visit: https://www.selenium.dev/documentation/webdriver/troubleshooting/errors#no-such-element-exception
Build info: version: '4.10.0', revision: 'c14d967899'
System info: os.name: 'Windows 11', os.arch: 'amd64', os.version: '10.0', java.version: '20.0.1'
Driver info: org.openqa.selenium.edge.EdgeDriver
Command: [2f51aa3ff255767240d96030260f67a2, findElement {using=xpath, value=(//div[@class='row'])[4]/div[4]/a[2]}]
Capabilities {acceptInsecureCerts: false, browserName: MicrosoftEdge, browserVersion: 120.0.2210.77, fedcm:accounts: true, ms:edgeOptions: {debuggerAddress: localhost:55062}, msedge: {msedgedriverVersion: 120.0.2210.91 (f469d579f138..., userDataDir: C:\Users\webca\AppData\Loca...}, networkConnectionEnabled: false, pageLoadStrategy: normal, platformName: windows, proxy: Proxy(), se:cdp: ws://localhost:55062/devtoo..., se:cdpVersion: 120.0.2210.77, setWindowRect: true, strictFileInteractability: false, timeouts: {implicit: 0, pageLoad: 300000, script: 30000}, unhandledPromptBehavior: dismiss and notify, webauthn:extension:credBlob: true, webauthn:extension:largeBlob: true, webauthn:extension:minPinLength: true, webauthn:extension:prf: true, webauthn:virtualAuthenticators: true}
Session ID: 2f51aa3ff255767240d96030260f67a2
at java.base/jdk.internal.reflect.DirectConstructorHandleAccessor.newInstance(DirectConstructorHandleAccessor.java:67)
at java.base/java.lang.reflect.Constructor.newInstanceWithCaller(Constructor.java:500)
at java.base/java.lang.reflect.Constructor.newInstance(Constructor.java:484)
at org.openqa.selenium.remote.codec.w3c.W3CHttpResponseCodec.createException(W3CHttpResponseCodec.java:199)
at org.openqa.selenium.remote.codec.w3c.W3CHttpResponseCodec.decode(W3CHttpResponseCodec.java:132)
at org.openqa.selenium.remote.codec.w3c.W3CHttpResponseCodec.decode(W3CHttpResponseCodec.java:51)
at org.openqa.selenium.remote.HttpCommandExecutor.execute(HttpCommandExecutor.java:191)
at org.openqa.selenium.remote.service.DriverCommandExecutor.invokeExecute(DriverCommandExecutor.java:196)
at org.openqa.selenium.remote.service.DriverCommandExecutor.execute(DriverCommandExecutor.java:171)
at org.openqa.selenium.remote.RemoteWebDriver.execute(RemoteWebDriver.java:531)
at org.openqa.selenium.remote.ElementLocation$ElementFinder$2.findElement(ElementLocation.java:165)
at org.openqa.selenium.remote.ElementLocation.findElement(ElementLocation.java:59)
at org.openqa.selenium.remote.RemoteWebDriver.findElement(RemoteWebDriver.java:350)
at org.openqa.selenium.remote.RemoteWebDriver.findElement(RemoteWebDriver.java:344)
at org.openqa.selenium.support.pagefactory.DefaultElementLocator.findElement(DefaultElementLocator.java:68)
at org.openqa.selenium.support.pagefactory.internal.LocatingElementHandler.invoke(LocatingElementHandler.java:38)
at jdk.proxy2/jdk.proxy2.$Proxy17.click(Unknown Source)
at pages.MyEventsPage.clickOnCopyButton(MyEventsPage.java:116)
at pages.MyEventsPage.copyExistEvent(MyEventsPage.java:154)
at Demo_landmark_Smoke_CopyTest.Smoke_Create_Event_Photo_editTest.validateCopyFunction(Smoke_Create_Event_Photo_editTest.java:176)
at java.base/jdk.internal.reflect.DirectMethodHandleAccessor.invoke(DirectMethodHandleAccessor.java:104)
at java.base/java.lang.reflect.Method.invoke(Method.java:578)
at org.testng.internal.invokers.MethodInvocationHelper.invokeMethod(MethodInvocationHelper.java:139)
at org.testng.internal.invokers.TestInvoker.invokeMethod(TestInvoker.java:664)
at org.testng.internal.invokers.TestInvoker.invokeTestMethod(TestInvoker.java:227)
at org.testng.internal.invokers.MethodRunner.runInSequence(MethodRunner.java:50)
at org.testng.internal.invokers.TestInvoker$MethodInvocationAgent.invoke(TestInvoker.java:957)
at org.testng.internal.invokers.TestInvoker.invokeTestMethods(TestInvoker.java:200)
at org.testng.internal.invokers.TestMethodWorker.invokeTestMethods(TestMethodWorker.java:148)
at org.testng.internal.invokers.TestMethodWorker.run(TestMethodWorker.java:128)
at java.base/java.util.ArrayList.forEach(ArrayList.java:1511)
at org.testng.TestRunner.privateRun(TestRunner.java:848)
at org.testng.TestRunner.run(TestRunner.java:621)
at org.testng.SuiteRunner.runTest(SuiteRunner.java:443)
at org.testng.SuiteRunner.runSequentially(SuiteRunner.java:437)
at org.testng.SuiteRunner.privateRun(SuiteRunner.java:397)
at org.testng.SuiteRunner.run(SuiteRunner.java:336)
at org.testng.SuiteRunnerWorker.runSuite(SuiteRunnerWorker.java:52)
at org.testng.SuiteRunnerWorker.run(SuiteRunnerWorker.java:95)
at org.testng.TestNG.runSuitesSequentially(TestNG.java:1280)
at org.testng.TestNG.runSuitesLocally(TestNG.java:1200)
at org.testng.TestNG.runSuites(TestNG.java:1114)
at org.testng.TestNG.run(TestNG.java:1082)
at org.testng.remote.AbstractRemoteTestNG.run(AbstractRemoteTestNG.java:115)
at org.testng.remote.RemoteTestNG.initAndRun(RemoteTestNG.java:251)
at org.testng.remote.RemoteTestNG.main(RemoteTestNG.java:77)
]]>
            </full-stacktrace>
          </exception> <!-- org.openqa.selenium.NoSuchElementException -->
          <reporter-output>
          </reporter-output>
        </test-method> <!-- validateCopyFunction -->
        <test-method is-config="true" signature="tearDown()[pri:0, instance:Demo_landmark_Smoke_CopyTest.Smoke_Create_Event_Photo_editTest@557caf28]" started-at="2023-12-27T19:23:57 IST" name="tearDown" finished-at="2023-12-27T19:23:57 IST" duration-ms="0" status="PASS">
          <reporter-output>
          </reporter-output>
        </test-method> <!-- tearDown -->
      </class> <!-- Demo_landmark_Smoke_CopyTest.Smoke_Create_Event_Photo_editTest -->
    </test> <!-- Default test -->
  </suite> <!-- Default suite -->
</testng-results>
