<?xml version="1.0" encoding="UTF-8"?>
<testng-results ignored="0" total="2" passed="2" failed="0" skipped="0">
  <reporter-output>
  </reporter-output>
  <suite started-at="2023-12-07T16:51:49 IST" name="Suite" finished-at="2023-12-07T16:55:18 IST" duration-ms="208460">
    <groups>
    </groups>
    <test started-at="2023-12-07T16:51:49 IST" name="Test" finished-at="2023-12-07T16:55:18 IST" duration-ms="208460">
      <class name="demo_testCases.Create_Event_ExistingList">
        <test-method is-config="true" signature="setup()[pri:0, instance:demo_testCases.Create_Event_ExistingList@55182842]" started-at="2023-12-07T16:51:49 IST" name="setup" finished-at="2023-12-07T16:51:56 IST" duration-ms="6631" status="PASS">
          <reporter-output>
          </reporter-output>
        </test-method> <!-- setup -->
        <test-method signature="name()[pri:0, instance:demo_testCases.Create_Event_ExistingList@55182842]" started-at="2023-12-07T16:51:56 IST" name="name" finished-at="2023-12-07T16:52:33 IST" duration-ms="37266" status="PASS">
          <reporter-output>
          </reporter-output>
        </test-method> <!-- name -->
        <test-method is-config="true" signature="tearDown()[pri:0, instance:demo_testCases.Create_Event_ExistingList@55182842]" started-at="2023-12-07T16:52:33 IST" name="tearDown" finished-at="2023-12-07T16:52:34 IST" duration-ms="296" status="PASS">
          <reporter-output>
          </reporter-output>
        </test-method> <!-- tearDown -->
      </class> <!-- demo_testCases.Create_Event_ExistingList -->
      <class name="demo_testCases.Create_Event_NewFresh">
        <test-method is-config="true" signature="setup()[pri:0, instance:demo_testCases.Create_Event_NewFresh@45752059]" started-at="2023-12-07T16:52:34 IST" name="setup" finished-at="2023-12-07T16:53:03 IST" duration-ms="29487" status="PASS">
          <reporter-output>
          </reporter-output>
        </test-method> <!-- setup -->
        <test-method signature="TestNewUserCreation()[pri:0, instance:demo_testCases.Create_Event_NewFresh@45752059]" started-at="2023-12-07T16:53:03 IST" name="TestNewUserCreation" finished-at="2023-12-07T16:55:17 IST" duration-ms="134408" status="PASS">
          <reporter-output>
          </reporter-output>
        </test-method> <!-- TestNewUserCreation -->
        <test-method is-config="true" signature="tearDown()[pri:0, instance:demo_testCases.Create_Event_NewFresh@45752059]" started-at="2023-12-07T16:55:17 IST" name="tearDown" finished-at="2023-12-07T16:55:18 IST" duration-ms="331" status="PASS">
          <reporter-output>
          </reporter-output>
        </test-method> <!-- tearDown -->
      </class> <!-- demo_testCases.Create_Event_NewFresh -->
    </test> <!-- Test -->
  </suite> <!-- Suite -->
</testng-results>
