<?xml version="1.0" encoding="UTF-8"?>
<testng-results ignored="0" total="1" passed="1" failed="0" skipped="0">
  <reporter-output>
  </reporter-output>
  <suite started-at="2023-12-14T21:53:38 IST" name="Default suite" finished-at="2023-12-14T21:54:47 IST" duration-ms="69224">
    <groups>
    </groups>
    <test started-at="2023-12-14T21:53:38 IST" name="Default test" finished-at="2023-12-14T21:54:47 IST" duration-ms="69224">
      <class name="demo_testCases.smoke_Create_Event_NewFresh">
        <test-method is-config="true" signature="setup()[pri:0, instance:demo_testCases.smoke_Create_Event_NewFresh@4218d6a3]" started-at="2023-12-14T21:53:38 IST" name="setup" finished-at="2023-12-14T21:53:45 IST" duration-ms="7129" status="PASS">
          <reporter-output>
          </reporter-output>
        </test-method> <!-- setup -->
        <test-method signature="TestNewUserCreation()[pri:0, instance:demo_testCases.smoke_Create_Event_NewFresh@4218d6a3]" started-at="2023-12-14T21:53:45 IST" name="TestNewUserCreation" finished-at="2023-12-14T21:54:47 IST" duration-ms="62067" status="PASS">
          <reporter-output>
          </reporter-output>
        </test-method> <!-- TestNewUserCreation -->
        <test-method is-config="true" signature="tearDown()[pri:0, instance:demo_testCases.smoke_Create_Event_NewFresh@4218d6a3]" started-at="2023-12-14T21:54:47 IST" name="tearDown" finished-at="2023-12-14T21:54:47 IST" duration-ms="0" status="PASS">
          <reporter-output>
          </reporter-output>
        </test-method> <!-- tearDown -->
      </class> <!-- demo_testCases.smoke_Create_Event_NewFresh -->
    </test> <!-- Default test -->
  </suite> <!-- Default suite -->
</testng-results>
